<?xml version="1.0" encoding="UTF-8"?>
<!-- Generated by org.testng.reporters.JUnitXMLReporter -->
<testsuite hostname="SATISH-PC" name="Command line test" tests="1" failures="1" timestamp="21 Feb 2020 16:09:50 GMT" time="0.063" errors="0">
  <testcase name="@AfterMethod tearDown" time="0.0" classname="org.seleniumdemo.tests.FileDownloadTest">
    <failure type="java.lang.NullPointerException">
      <![CDATA[java.lang.NullPointerException
	at org.seleniumdemo.tests.FileDownloadTest.tearDown(FileDownloadTest.java:69)
... Removed 35 stack frames]]>
    </failure>
  </testcase> <!-- @AfterMethod tearDown -->
  <testcase name="downloadFileTest" time="0.0" classname="org.seleniumdemo.tests.FileDownloadTest">
    <failure type="java.lang.NullPointerException">
      <![CDATA[java.lang.NullPointerException
	at org.seleniumdemo.tests.FileDownloadTest.downloadFileTest(FileDownloadTest.java:47)
... Removed 33 stack frames]]>
    </failure>
  </testcase> <!-- downloadFileTest -->
</testsuite> <!-- Command line test -->
